This file contains any messages produced by compilers while
running configure, to aid debugging if configure makes a mistake.

It was created by configure, which was
generated by GNU Autoconf 2.69.  Invocation command line was

  $ ./configure --host=arm-linux-androideabi --build=x86_64-linux-gnu --prefix=/home/lianhs/android/android-ndk-r10e/usr/local --disable-shared --enable-static CPPFLAGS=-I/home/lianhs/android/android-ndk-r10e/usr/local/include LDFLAGS=-L/home/lianhs/android/android-ndk-r10e/usr/local/lib

## --------- ##
## Platform. ##
## --------- ##

hostname = lianhs-virtual-machine
uname -m = x86_64
uname -r = 3.16.0-23-generic
uname -s = Linux
uname -v = #31-Ubuntu SMP Tue Oct 21 17:56:17 UTC 2014

/usr/bin/uname -p = unknown
/bin/uname -X     = unknown

/bin/arch              = unknown
/usr/bin/arch -k       = unknown
/usr/convex/getsysinfo = unknown
/usr/bin/hostinfo      = unknown
/bin/machine           = unknown
/usr/bin/oslevel       = unknown
/bin/universe          = unknown

PATH: /home/lianhs/android/android-ndk-r10e/toolchain/bin
PATH: /home/lianhs/android/android-ndk-r10e
PATH: /home/lianhs/android/android-ndk-r10e/toolchain/bin
PATH: /home/lianhs/android/android-ndk-r10d
PATH: /home/lianhs/android/android-ndk-r10d/toolchain/bin
PATH: /usr/local/sbin
PATH: /usr/local/bin
PATH: /usr/sbin
PATH: /usr/bin
PATH: /sbin
PATH: /bin
PATH: /usr/games
PATH: /usr/local/games


## ----------- ##
## Core tests. ##
## ----------- ##

configure:2253: checking for a BSD-compatible install
configure:2321: result: /usr/bin/install -c
configure:2332: checking whether build environment is sane
configure:2387: result: yes
configure:2446: checking for arm-linux-androideabi-strip
configure:2462: found /home/lianhs/android/android-ndk-r10e/toolchain/bin/arm-linux-androideabi-strip
configure:2473: result: arm-linux-androideabi-strip
configure:2538: checking for a thread-safe mkdir -p
configure:2577: result: /bin/mkdir -p
configure:2584: checking for gawk
configure:2614: result: no
configure:2584: checking for mawk
configure:2600: found /usr/bin/mawk
configure:2611: result: mawk
configure:2622: checking whether make sets $(MAKE)
configure:2644: result: yes
configure:2673: checking whether make supports nested variables
configure:2690: result: yes
configure:2819: checking whether to enable maintainer-specific portions of Makefiles
configure:2828: result: no
configure:2850: checking for arm-linux-androideabi-gcc
configure:2866: found /home/lianhs/android/android-ndk-r10e/toolchain/bin/arm-linux-androideabi-gcc
configure:2877: result: arm-linux-androideabi-gcc
configure:3146: checking for C compiler version
configure:3155: arm-linux-androideabi-gcc --version >&5
arm-linux-androideabi-gcc (GCC) 4.9 20140827 (prerelease)
Copyright (C) 2014 Free Software Foundation, Inc.
This is free software; see the source for copying conditions.  There is NO
warranty; not even for MERCHANTABILITY or FITNESS FOR A PARTICULAR PURPOSE.

configure:3166: $? = 0
configure:3155: arm-linux-androideabi-gcc -v >&5
Using built-in specs.
COLLECT_GCC=arm-linux-androideabi-gcc
COLLECT_LTO_WRAPPER=/home/lianhs/android/android-ndk-r10e/toolchain/bin/../libexec/gcc/arm-linux-androideabi/4.9/lto-wrapper
Target: arm-linux-androideabi
Configured with: /s/ndk-toolchain/src/build/../gcc/gcc-4.9/configure --prefix=/tmp/ndk-andrewhsieh/build/toolchain/prefix --target=arm-linux-androideabi --host=x86_64-linux-gnu --build=x86_64-linux-gnu --with-gnu-as --with-gnu-ld --enable-languages=c,c++ --with-gmp=/tmp/ndk-andrewhsieh/build/toolchain/temp-install --with-mpfr=/tmp/ndk-andrewhsieh/build/toolchain/temp-install --with-mpc=/tmp/ndk-andrewhsieh/build/toolchain/temp-install --with-cloog=/tmp/ndk-andrewhsieh/build/toolchain/temp-install --with-isl=/tmp/ndk-andrewhsieh/build/toolchain/temp-install --with-ppl=/tmp/ndk-andrewhsieh/build/toolchain/temp-install --disable-ppl-version-check --disable-cloog-version-check --disable-isl-version-check --enable-cloog-backend=isl --with-host-libstdcxx='-static-libgcc -Wl,-Bstatic,-lstdc++,-Bdynamic -lm' --disable-libssp --enable-threads --disable-nls --disable-libmudflap --disable-libgomp --disable-libstdc__-v3 --disable-sjlj-exceptions --disable-shared --disable-tls --disable-libitm --with-float=soft --with-fpu=vfp --with-arch=armv5te --enable-target-optspace --enable-initfini-array --disable-nls --prefix=/tmp/ndk-andrewhsieh/build/toolchain/prefix --with-sysroot=/tmp/ndk-andrewhsieh/build/toolchain/prefix/sysroot --with-binutils-version=2.25 --with-mpfr-version=3.1.1 --with-mpc-version=1.0.1 --with-gmp-version=5.0.5 --with-gcc-version=4.9 --with-gdb-version=7.7 --with-python=/usr/local/google/home/andrewhsieh/mydroid/ndk/prebuilt/linux-x86_64/bin/python-config.sh --with-gxx-include-dir=/tmp/ndk-andrewhsieh/build/toolchain/prefix/include/c++/4.9 --with-bugurl=http://source.android.com/source/report-bugs.html --enable-languages=c,c++ --disable-bootstrap --enable-plugins --enable-libgomp --enable-gnu-indirect-function --disable-libsanitizer --enable-gold --enable-threads --enable-graphite=yes --with-cloog-version=0.18.0 --with-isl-version=0.11.1 --enable-eh-frame-hdr-for-static --with-arch=armv5te --program-transform-name='s&^&arm-linux-androideabi-&' --enable-gold=default
Thread model: posix
gcc version 4.9 20140827 (prerelease) (GCC) 
configure:3166: $? = 0
configure:3155: arm-linux-androideabi-gcc -V >&5
arm-linux-androideabi-gcc: error: unrecognized command line option '-V'
arm-linux-androideabi-gcc: fatal error: no input files
compilation terminated.
configure:3166: $? = 1
configure:3155: arm-linux-androideabi-gcc -qversion >&5
arm-linux-androideabi-gcc: error: unrecognized command line option '-qversion'
arm-linux-androideabi-gcc: fatal error: no input files
compilation terminated.
configure:3166: $? = 1
configure:3186: checking whether the C compiler works
configure:3208: arm-linux-androideabi-gcc  -I/home/lianhs/android/android-ndk-r10e/usr/local/include -L/home/lianhs/android/android-ndk-r10e/usr/local/lib conftest.c  >&5
configure:3212: $? = 0
configure:3260: result: yes
configure:3263: checking for C compiler default output file name
configure:3265: result: a.out
configure:3271: checking for suffix of executables
configure:3278: arm-linux-androideabi-gcc -o conftest  -I/home/lianhs/android/android-ndk-r10e/usr/local/include -L/home/lianhs/android/android-ndk-r10e/usr/local/lib conftest.c  >&5
configure:3282: $? = 0
configure:3304: result: 
configure:3326: checking whether we are cross compiling
configure:3364: result: yes
configure:3369: checking for suffix of object files
configure:3391: arm-linux-androideabi-gcc -c  -I/home/lianhs/android/android-ndk-r10e/usr/local/include conftest.c >&5
configure:3395: $? = 0
configure:3416: result: o
configure:3420: checking whether we are using the GNU C compiler
configure:3439: arm-linux-androideabi-gcc -c  -I/home/lianhs/android/android-ndk-r10e/usr/local/include conftest.c >&5
configure:3439: $? = 0
configure:3448: result: yes
configure:3457: checking whether arm-linux-androideabi-gcc accepts -g
configure:3477: arm-linux-androideabi-gcc -c -g -I/home/lianhs/android/android-ndk-r10e/usr/local/include conftest.c >&5
configure:3477: $? = 0
configure:3518: result: yes
configure:3535: checking for arm-linux-androideabi-gcc option to accept ISO C89
configure:3598: arm-linux-androideabi-gcc  -c -g -O2 -I/home/lianhs/android/android-ndk-r10e/usr/local/include conftest.c >&5
configure:3598: $? = 0
configure:3611: result: none needed
configure:3636: checking whether arm-linux-androideabi-gcc understands -c and -o together
configure:3658: arm-linux-androideabi-gcc -c conftest.c -o conftest2.o
configure:3661: $? = 0
configure:3658: arm-linux-androideabi-gcc -c conftest.c -o conftest2.o
configure:3661: $? = 0
configure:3673: result: yes
configure:3701: checking for style of include used by make
configure:3729: result: GNU
configure:3755: checking dependency style of arm-linux-androideabi-gcc
configure:3866: result: gcc3
configure:3918: checking build system type
configure:3932: result: x86_64-pc-linux-gnu
configure:3952: checking host system type
configure:3965: result: arm-unknown-linux-androideabi
configure:4006: checking how to print strings
configure:4033: result: printf
configure:4054: checking for a sed that does not truncate output
configure:4118: result: /bin/sed
configure:4136: checking for grep that handles long lines and -e
configure:4194: result: /bin/grep
configure:4199: checking for egrep
configure:4261: result: /bin/grep -E
configure:4266: checking for fgrep
configure:4328: result: /bin/grep -F
configure:4363: checking for ld used by arm-linux-androideabi-gcc
configure:4430: result: /home/lianhs/android/android-ndk-r10e/toolchain/arm-linux-androideabi/bin/ld
configure:4437: checking if the linker (/home/lianhs/android/android-ndk-r10e/toolchain/arm-linux-androideabi/bin/ld) is GNU ld
configure:4452: result: yes
configure:4464: checking for BSD- or MS-compatible name lister (nm)
configure:4513: result: /home/lianhs/android/android-ndk-r10e/toolchain/bin/arm-linux-androideabi-nm -B
configure:4643: checking the name lister (/home/lianhs/android/android-ndk-r10e/toolchain/bin/arm-linux-androideabi-nm -B) interface
configure:4650: arm-linux-androideabi-gcc -c -g -O3 -I/home/lianhs/android/android-ndk-r10e/usr/local/include conftest.c >&5
configure:4653: /home/lianhs/android/android-ndk-r10e/toolchain/bin/arm-linux-androideabi-nm -B "conftest.o"
configure:4656: output
00000000 B some_variable
configure:4663: result: BSD nm
configure:4666: checking whether ln -s works
configure:4670: result: yes
configure:4678: checking the maximum length of command line arguments
configure:4808: result: 1572864
configure:4825: checking whether the shell understands some XSI constructs
configure:4835: result: yes
configure:4839: checking whether the shell understands "+="
configure:4845: result: yes
configure:4880: checking how to convert x86_64-pc-linux-gnu file names to arm-unknown-linux-androideabi format
configure:4920: result: func_convert_file_noop
configure:4927: checking how to convert x86_64-pc-linux-gnu file names to toolchain format
configure:4947: result: func_convert_file_noop
configure:4954: checking for /home/lianhs/android/android-ndk-r10e/toolchain/arm-linux-androideabi/bin/ld option to reload object files
configure:4961: result: -r
configure:4995: checking for arm-linux-androideabi-objdump
configure:5011: found /home/lianhs/android/android-ndk-r10e/toolchain/bin/arm-linux-androideabi-objdump
configure:5022: result: arm-linux-androideabi-objdump
configure:5094: checking how to recognize dependent libraries
configure:5292: result: pass_all
configure:5337: checking for arm-linux-androideabi-dlltool
configure:5367: result: no
configure:5377: checking for dlltool
configure:5407: result: no
configure:5437: checking how to associate runtime and link libraries
configure:5464: result: printf %s\n
configure:5481: checking for arm-linux-androideabi-ar
configure:5497: found /home/lianhs/android/android-ndk-r10e/toolchain/bin/arm-linux-androideabi-ar
configure:5508: result: arm-linux-androideabi-ar
configure:5589: checking for archiver @FILE support
configure:5606: arm-linux-androideabi-gcc -c -g -O3 -I/home/lianhs/android/android-ndk-r10e/usr/local/include conftest.c >&5
configure:5606: $? = 0
configure:5609: arm-linux-androideabi-ar cru libconftest.a @conftest.lst >&5
configure:5612: $? = 0
configure:5617: arm-linux-androideabi-ar cru libconftest.a @conftest.lst >&5
arm-linux-androideabi-ar: conftest.o: No such file or directory
configure:5620: $? = 1
configure:5632: result: @
configure:5650: checking for arm-linux-androideabi-strip
configure:5677: result: arm-linux-androideabi-strip
configure:5749: checking for arm-linux-androideabi-ranlib
configure:5765: found /home/lianhs/android/android-ndk-r10e/toolchain/bin/arm-linux-androideabi-ranlib
configure:5776: result: arm-linux-androideabi-ranlib
configure:5918: checking command to parse /home/lianhs/android/android-ndk-r10e/toolchain/bin/arm-linux-androideabi-nm -B output from arm-linux-androideabi-gcc object
configure:6038: arm-linux-androideabi-gcc -c -g -O3 -I/home/lianhs/android/android-ndk-r10e/usr/local/include conftest.c >&5
configure:6041: $? = 0
configure:6045: /home/lianhs/android/android-ndk-r10e/toolchain/bin/arm-linux-androideabi-nm -B conftest.o \| sed -n -e 's/^.*[ ]\([ABCDGIRSTW][ABCDGIRSTW]*\)[ ][ ]*\([_A-Za-z][_A-Za-z0-9]*\)$/\1 \2 \2/p' | sed '/ __gnu_lto/d' \> conftest.nm
configure:6048: $? = 0
configure:6114: arm-linux-androideabi-gcc -o conftest -g -O3 -I/home/lianhs/android/android-ndk-r10e/usr/local/include -L/home/lianhs/android/android-ndk-r10e/usr/local/lib conftest.c conftstm.o >&5
configure:6117: $? = 0
configure:6155: result: ok
configure:6192: checking for sysroot
configure:6222: result: no
configure:6438: checking for arm-linux-androideabi-mt
configure:6468: result: no
configure:6478: checking for mt
configure:6494: found /bin/mt
configure:6505: result: mt
configure:6517: WARNING: using cross tools not prefixed with host triplet
configure:6528: checking if mt is a manifest tool
configure:6534: mt '-?'
configure:6542: result: no
configure:7184: checking how to run the C preprocessor
configure:7215: arm-linux-androideabi-gcc -E -I/home/lianhs/android/android-ndk-r10e/usr/local/include conftest.c
configure:7215: $? = 0
configure:7229: arm-linux-androideabi-gcc -E -I/home/lianhs/android/android-ndk-r10e/usr/local/include conftest.c
conftest.c:11:28: fatal error: ac_nonexistent.h: No such file or directory
 #include <ac_nonexistent.h>
                            ^
compilation terminated.
configure:7229: $? = 1
configure: failed program was:
| /* confdefs.h */
| #define PACKAGE_NAME ""
| #define PACKAGE_TARNAME ""
| #define PACKAGE_VERSION ""
| #define PACKAGE_STRING ""
| #define PACKAGE_BUGREPORT ""
| #define PACKAGE_URL ""
| #define PACKAGE "libev"
| #define VERSION "4.19"
| /* end confdefs.h.  */
| #include <ac_nonexistent.h>
configure:7254: result: arm-linux-androideabi-gcc -E
configure:7274: arm-linux-androideabi-gcc -E -I/home/lianhs/android/android-ndk-r10e/usr/local/include conftest.c
configure:7274: $? = 0
configure:7288: arm-linux-androideabi-gcc -E -I/home/lianhs/android/android-ndk-r10e/usr/local/include conftest.c
conftest.c:11:28: fatal error: ac_nonexistent.h: No such file or directory
 #include <ac_nonexistent.h>
                            ^
compilation terminated.
configure:7288: $? = 1
configure: failed program was:
| /* confdefs.h */
| #define PACKAGE_NAME ""
| #define PACKAGE_TARNAME ""
| #define PACKAGE_VERSION ""
| #define PACKAGE_STRING ""
| #define PACKAGE_BUGREPORT ""
| #define PACKAGE_URL ""
| #define PACKAGE "libev"
| #define VERSION "4.19"
| /* end confdefs.h.  */
| #include <ac_nonexistent.h>
configure:7317: checking for ANSI C header files
configure:7337: arm-linux-androideabi-gcc -c -g -O3 -I/home/lianhs/android/android-ndk-r10e/usr/local/include conftest.c >&5
configure:7337: $? = 0
configure:7421: result: yes
configure:7434: checking for sys/types.h
configure:7434: arm-linux-androideabi-gcc -c -g -O3 -I/home/lianhs/android/android-ndk-r10e/usr/local/include conftest.c >&5
configure:7434: $? = 0
configure:7434: result: yes
configure:7434: checking for sys/stat.h
configure:7434: arm-linux-androideabi-gcc -c -g -O3 -I/home/lianhs/android/android-ndk-r10e/usr/local/include conftest.c >&5
configure:7434: $? = 0
configure:7434: result: yes
configure:7434: checking for stdlib.h
configure:7434: arm-linux-androideabi-gcc -c -g -O3 -I/home/lianhs/android/android-ndk-r10e/usr/local/include conftest.c >&5
configure:7434: $? = 0
configure:7434: result: yes
configure:7434: checking for string.h
configure:7434: arm-linux-androideabi-gcc -c -g -O3 -I/home/lianhs/android/android-ndk-r10e/usr/local/include conftest.c >&5
configure:7434: $? = 0
configure:7434: result: yes
configure:7434: checking for memory.h
configure:7434: arm-linux-androideabi-gcc -c -g -O3 -I/home/lianhs/android/android-ndk-r10e/usr/local/include conftest.c >&5
configure:7434: $? = 0
configure:7434: result: yes
configure:7434: checking for strings.h
configure:7434: arm-linux-androideabi-gcc -c -g -O3 -I/home/lianhs/android/android-ndk-r10e/usr/local/include conftest.c >&5
configure:7434: $? = 0
configure:7434: result: yes
configure:7434: checking for inttypes.h
configure:7434: arm-linux-androideabi-gcc -c -g -O3 -I/home/lianhs/android/android-ndk-r10e/usr/local/include conftest.c >&5
configure:7434: $? = 0
configure:7434: result: yes
configure:7434: checking for stdint.h
configure:7434: arm-linux-androideabi-gcc -c -g -O3 -I/home/lianhs/android/android-ndk-r10e/usr/local/include conftest.c >&5
configure:7434: $? = 0
configure:7434: result: yes
configure:7434: checking for unistd.h
configure:7434: arm-linux-androideabi-gcc -c -g -O3 -I/home/lianhs/android/android-ndk-r10e/usr/local/include conftest.c >&5
configure:7434: $? = 0
configure:7434: result: yes
configure:7448: checking for dlfcn.h
configure:7448: arm-linux-androideabi-gcc -c -g -O3 -I/home/lianhs/android/android-ndk-r10e/usr/local/include conftest.c >&5
configure:7448: $? = 0
configure:7448: result: yes
configure:7654: checking for objdir
configure:7669: result: .libs
configure:7936: checking if arm-linux-androideabi-gcc supports -fno-rtti -fno-exceptions
configure:7954: arm-linux-androideabi-gcc -c -g -O3 -I/home/lianhs/android/android-ndk-r10e/usr/local/include -fno-rtti -fno-exceptions conftest.c >&5
cc1: warning: command line option '-fno-rtti' is valid for C++/ObjC++ but not for C
configure:7958: $? = 0
configure:7971: result: no
configure:8298: checking for arm-linux-androideabi-gcc option to produce PIC
configure:8305: result: -fPIC -DPIC
configure:8313: checking if arm-linux-androideabi-gcc PIC flag -fPIC -DPIC works
configure:8331: arm-linux-androideabi-gcc -c -g -O3 -I/home/lianhs/android/android-ndk-r10e/usr/local/include -fPIC -DPIC -DPIC conftest.c >&5
configure:8335: $? = 0
configure:8348: result: yes
configure:8377: checking if arm-linux-androideabi-gcc static flag -static works
configure:8405: result: yes
configure:8420: checking if arm-linux-androideabi-gcc supports -c -o file.o
configure:8441: arm-linux-androideabi-gcc -c -g -O3 -I/home/lianhs/android/android-ndk-r10e/usr/local/include -o out/conftest2.o conftest.c >&5
configure:8445: $? = 0
configure:8467: result: yes
configure:8475: checking if arm-linux-androideabi-gcc supports -c -o file.o
configure:8522: result: yes
configure:8555: checking whether the arm-linux-androideabi-gcc linker (/home/lianhs/android/android-ndk-r10e/toolchain/arm-linux-androideabi/bin/ld) supports shared libraries
configure:9712: result: yes
configure:9952: checking dynamic linker characteristics
configure:10452: arm-linux-androideabi-gcc -o conftest -g -O3 -I/home/lianhs/android/android-ndk-r10e/usr/local/include -L/home/lianhs/android/android-ndk-r10e/usr/local/lib -Wl,-rpath -Wl,/foo conftest.c  >&5
configure:10452: $? = 0
configure:10686: result: GNU/Linux ld.so
configure:10793: checking how to hardcode library paths into programs
configure:10818: result: immediate
configure:11358: checking whether stripping libraries is possible
configure:11363: result: yes
configure:11398: checking if libtool supports shared libraries
configure:11400: result: yes
configure:11403: checking whether to build shared libraries
configure:11424: result: no
configure:11427: checking whether to build static libraries
configure:11431: result: yes
configure:11473: checking sys/inotify.h usability
configure:11473: arm-linux-androideabi-gcc -c -g -O3 -I/home/lianhs/android/android-ndk-r10e/usr/local/include conftest.c >&5
configure:11473: $? = 0
configure:11473: result: yes
configure:11473: checking sys/inotify.h presence
configure:11473: arm-linux-androideabi-gcc -E -I/home/lianhs/android/android-ndk-r10e/usr/local/include conftest.c
configure:11473: $? = 0
configure:11473: result: yes
configure:11473: checking for sys/inotify.h
configure:11473: result: yes
configure:11473: checking sys/epoll.h usability
configure:11473: arm-linux-androideabi-gcc -c -g -O3 -I/home/lianhs/android/android-ndk-r10e/usr/local/include conftest.c >&5
configure:11473: $? = 0
configure:11473: result: yes
configure:11473: checking sys/epoll.h presence
configure:11473: arm-linux-androideabi-gcc -E -I/home/lianhs/android/android-ndk-r10e/usr/local/include conftest.c
configure:11473: $? = 0
configure:11473: result: yes
configure:11473: checking for sys/epoll.h
configure:11473: result: yes
configure:11473: checking sys/event.h usability
configure:11473: arm-linux-androideabi-gcc -c -g -O3 -I/home/lianhs/android/android-ndk-r10e/usr/local/include conftest.c >&5
conftest.c:58:23: fatal error: sys/event.h: No such file or directory
 #include <sys/event.h>
                       ^
compilation terminated.
configure:11473: $? = 1
configure: failed program was:
| /* confdefs.h */
| #define PACKAGE_NAME ""
| #define PACKAGE_TARNAME ""
| #define PACKAGE_VERSION ""
| #define PACKAGE_STRING ""
| #define PACKAGE_BUGREPORT ""
| #define PACKAGE_URL ""
| #define PACKAGE "libev"
| #define VERSION "4.19"
| #define STDC_HEADERS 1
| #define HAVE_SYS_TYPES_H 1
| #define HAVE_SYS_STAT_H 1
| #define HAVE_STDLIB_H 1
| #define HAVE_STRING_H 1
| #define HAVE_MEMORY_H 1
| #define HAVE_STRINGS_H 1
| #define HAVE_INTTYPES_H 1
| #define HAVE_STDINT_H 1
| #define HAVE_UNISTD_H 1
| #define HAVE_DLFCN_H 1
| #define LT_OBJDIR ".libs/"
| #define HAVE_SYS_INOTIFY_H 1
| #define HAVE_SYS_EPOLL_H 1
| /* end confdefs.h.  */
| #include <stdio.h>
| #ifdef HAVE_SYS_TYPES_H
| # include <sys/types.h>
| #endif
| #ifdef HAVE_SYS_STAT_H
| # include <sys/stat.h>
| #endif
| #ifdef STDC_HEADERS
| # include <stdlib.h>
| # include <stddef.h>
| #else
| # ifdef HAVE_STDLIB_H
| #  include <stdlib.h>
| # endif
| #endif
| #ifdef HAVE_STRING_H
| # if !defined STDC_HEADERS && defined HAVE_MEMORY_H
| #  include <memory.h>
| # endif
| # include <string.h>
| #endif
| #ifdef HAVE_STRINGS_H
| # include <strings.h>
| #endif
| #ifdef HAVE_INTTYPES_H
| # include <inttypes.h>
| #endif
| #ifdef HAVE_STDINT_H
| # include <stdint.h>
| #endif
| #ifdef HAVE_UNISTD_H
| # include <unistd.h>
| #endif
| #include <sys/event.h>
configure:11473: result: no
configure:11473: checking sys/event.h presence
configure:11473: arm-linux-androideabi-gcc -E -I/home/lianhs/android/android-ndk-r10e/usr/local/include conftest.c
conftest.c:25:23: fatal error: sys/event.h: No such file or directory
 #include <sys/event.h>
                       ^
compilation terminated.
configure:11473: $? = 1
configure: failed program was:
| /* confdefs.h */
| #define PACKAGE_NAME ""
| #define PACKAGE_TARNAME ""
| #define PACKAGE_VERSION ""
| #define PACKAGE_STRING ""
| #define PACKAGE_BUGREPORT ""
| #define PACKAGE_URL ""
| #define PACKAGE "libev"
| #define VERSION "4.19"
| #define STDC_HEADERS 1
| #define HAVE_SYS_TYPES_H 1
| #define HAVE_SYS_STAT_H 1
| #define HAVE_STDLIB_H 1
| #define HAVE_STRING_H 1
| #define HAVE_MEMORY_H 1
| #define HAVE_STRINGS_H 1
| #define HAVE_INTTYPES_H 1
| #define HAVE_STDINT_H 1
| #define HAVE_UNISTD_H 1
| #define HAVE_DLFCN_H 1
| #define LT_OBJDIR ".libs/"
| #define HAVE_SYS_INOTIFY_H 1
| #define HAVE_SYS_EPOLL_H 1
| /* end confdefs.h.  */
| #include <sys/event.h>
configure:11473: result: no
configure:11473: checking for sys/event.h
configure:11473: result: no
configure:11473: checking port.h usability
configure:11473: arm-linux-androideabi-gcc -c -g -O3 -I/home/lianhs/android/android-ndk-r10e/usr/local/include conftest.c >&5
conftest.c:58:18: fatal error: port.h: No such file or directory
 #include <port.h>
                  ^
compilation terminated.
configure:11473: $? = 1
configure: failed program was:
| /* confdefs.h */
| #define PACKAGE_NAME ""
| #define PACKAGE_TARNAME ""
| #define PACKAGE_VERSION ""
| #define PACKAGE_STRING ""
| #define PACKAGE_BUGREPORT ""
| #define PACKAGE_URL ""
| #define PACKAGE "libev"
| #define VERSION "4.19"
| #define STDC_HEADERS 1
| #define HAVE_SYS_TYPES_H 1
| #define HAVE_SYS_STAT_H 1
| #define HAVE_STDLIB_H 1
| #define HAVE_STRING_H 1
| #define HAVE_MEMORY_H 1
| #define HAVE_STRINGS_H 1
| #define HAVE_INTTYPES_H 1
| #define HAVE_STDINT_H 1
| #define HAVE_UNISTD_H 1
| #define HAVE_DLFCN_H 1
| #define LT_OBJDIR ".libs/"
| #define HAVE_SYS_INOTIFY_H 1
| #define HAVE_SYS_EPOLL_H 1
| /* end confdefs.h.  */
| #include <stdio.h>
| #ifdef HAVE_SYS_TYPES_H
| # include <sys/types.h>
| #endif
| #ifdef HAVE_SYS_STAT_H
| # include <sys/stat.h>
| #endif
| #ifdef STDC_HEADERS
| # include <stdlib.h>
| # include <stddef.h>
| #else
| # ifdef HAVE_STDLIB_H
| #  include <stdlib.h>
| # endif
| #endif
| #ifdef HAVE_STRING_H
| # if !defined STDC_HEADERS && defined HAVE_MEMORY_H
| #  include <memory.h>
| # endif
| # include <string.h>
| #endif
| #ifdef HAVE_STRINGS_H
| # include <strings.h>
| #endif
| #ifdef HAVE_INTTYPES_H
| # include <inttypes.h>
| #endif
| #ifdef HAVE_STDINT_H
| # include <stdint.h>
| #endif
| #ifdef HAVE_UNISTD_H
| # include <unistd.h>
| #endif
| #include <port.h>
configure:11473: result: no
configure:11473: checking port.h presence
configure:11473: arm-linux-androideabi-gcc -E -I/home/lianhs/android/android-ndk-r10e/usr/local/include conftest.c
conftest.c:25:18: fatal error: port.h: No such file or directory
 #include <port.h>
                  ^
compilation terminated.
configure:11473: $? = 1
configure: failed program was:
| /* confdefs.h */
| #define PACKAGE_NAME ""
| #define PACKAGE_TARNAME ""
| #define PACKAGE_VERSION ""
| #define PACKAGE_STRING ""
| #define PACKAGE_BUGREPORT ""
| #define PACKAGE_URL ""
| #define PACKAGE "libev"
| #define VERSION "4.19"
| #define STDC_HEADERS 1
| #define HAVE_SYS_TYPES_H 1
| #define HAVE_SYS_STAT_H 1
| #define HAVE_STDLIB_H 1
| #define HAVE_STRING_H 1
| #define HAVE_MEMORY_H 1
| #define HAVE_STRINGS_H 1
| #define HAVE_INTTYPES_H 1
| #define HAVE_STDINT_H 1
| #define HAVE_UNISTD_H 1
| #define HAVE_DLFCN_H 1
| #define LT_OBJDIR ".libs/"
| #define HAVE_SYS_INOTIFY_H 1
| #define HAVE_SYS_EPOLL_H 1
| /* end confdefs.h.  */
| #include <port.h>
configure:11473: result: no
configure:11473: checking for port.h
configure:11473: result: no
configure:11473: checking poll.h usability
configure:11473: arm-linux-androideabi-gcc -c -g -O3 -I/home/lianhs/android/android-ndk-r10e/usr/local/include conftest.c >&5
configure:11473: $? = 0
configure:11473: result: yes
configure:11473: checking poll.h presence
configure:11473: arm-linux-androideabi-gcc -E -I/home/lianhs/android/android-ndk-r10e/usr/local/include conftest.c
configure:11473: $? = 0
configure:11473: result: yes
configure:11473: checking for poll.h
configure:11473: result: yes
configure:11473: checking sys/select.h usability
configure:11473: arm-linux-androideabi-gcc -c -g -O3 -I/home/lianhs/android/android-ndk-r10e/usr/local/include conftest.c >&5
configure:11473: $? = 0
configure:11473: result: yes
configure:11473: checking sys/select.h presence
configure:11473: arm-linux-androideabi-gcc -E -I/home/lianhs/android/android-ndk-r10e/usr/local/include conftest.c
configure:11473: $? = 0
configure:11473: result: yes
configure:11473: checking for sys/select.h
configure:11473: result: yes
configure:11473: checking sys/eventfd.h usability
configure:11473: arm-linux-androideabi-gcc -c -g -O3 -I/home/lianhs/android/android-ndk-r10e/usr/local/include conftest.c >&5
configure:11473: $? = 0
configure:11473: result: yes
configure:11473: checking sys/eventfd.h presence
configure:11473: arm-linux-androideabi-gcc -E -I/home/lianhs/android/android-ndk-r10e/usr/local/include conftest.c
configure:11473: $? = 0
configure:11473: result: yes
configure:11473: checking for sys/eventfd.h
configure:11473: result: yes
configure:11473: checking sys/signalfd.h usability
configure:11473: arm-linux-androideabi-gcc -c -g -O3 -I/home/lianhs/android/android-ndk-r10e/usr/local/include conftest.c >&5
conftest.c:61:26: fatal error: sys/signalfd.h: No such file or directory
 #include <sys/signalfd.h>
                          ^
compilation terminated.
configure:11473: $? = 1
configure: failed program was:
| /* confdefs.h */
| #define PACKAGE_NAME ""
| #define PACKAGE_TARNAME ""
| #define PACKAGE_VERSION ""
| #define PACKAGE_STRING ""
| #define PACKAGE_BUGREPORT ""
| #define PACKAGE_URL ""
| #define PACKAGE "libev"
| #define VERSION "4.19"
| #define STDC_HEADERS 1
| #define HAVE_SYS_TYPES_H 1
| #define HAVE_SYS_STAT_H 1
| #define HAVE_STDLIB_H 1
| #define HAVE_STRING_H 1
| #define HAVE_MEMORY_H 1
| #define HAVE_STRINGS_H 1
| #define HAVE_INTTYPES_H 1
| #define HAVE_STDINT_H 1
| #define HAVE_UNISTD_H 1
| #define HAVE_DLFCN_H 1
| #define LT_OBJDIR ".libs/"
| #define HAVE_SYS_INOTIFY_H 1
| #define HAVE_SYS_EPOLL_H 1
| #define HAVE_POLL_H 1
| #define HAVE_SYS_SELECT_H 1
| #define HAVE_SYS_EVENTFD_H 1
| /* end confdefs.h.  */
| #include <stdio.h>
| #ifdef HAVE_SYS_TYPES_H
| # include <sys/types.h>
| #endif
| #ifdef HAVE_SYS_STAT_H
| # include <sys/stat.h>
| #endif
| #ifdef STDC_HEADERS
| # include <stdlib.h>
| # include <stddef.h>
| #else
| # ifdef HAVE_STDLIB_H
| #  include <stdlib.h>
| # endif
| #endif
| #ifdef HAVE_STRING_H
| # if !defined STDC_HEADERS && defined HAVE_MEMORY_H
| #  include <memory.h>
| # endif
| # include <string.h>
| #endif
| #ifdef HAVE_STRINGS_H
| # include <strings.h>
| #endif
| #ifdef HAVE_INTTYPES_H
| # include <inttypes.h>
| #endif
| #ifdef HAVE_STDINT_H
| # include <stdint.h>
| #endif
| #ifdef HAVE_UNISTD_H
| # include <unistd.h>
| #endif
| #include <sys/signalfd.h>
configure:11473: result: no
configure:11473: checking sys/signalfd.h presence
configure:11473: arm-linux-androideabi-gcc -E -I/home/lianhs/android/android-ndk-r10e/usr/local/include conftest.c
conftest.c:28:26: fatal error: sys/signalfd.h: No such file or directory
 #include <sys/signalfd.h>
                          ^
compilation terminated.
configure:11473: $? = 1
configure: failed program was:
| /* confdefs.h */
| #define PACKAGE_NAME ""
| #define PACKAGE_TARNAME ""
| #define PACKAGE_VERSION ""
| #define PACKAGE_STRING ""
| #define PACKAGE_BUGREPORT ""
| #define PACKAGE_URL ""
| #define PACKAGE "libev"
| #define VERSION "4.19"
| #define STDC_HEADERS 1
| #define HAVE_SYS_TYPES_H 1
| #define HAVE_SYS_STAT_H 1
| #define HAVE_STDLIB_H 1
| #define HAVE_STRING_H 1
| #define HAVE_MEMORY_H 1
| #define HAVE_STRINGS_H 1
| #define HAVE_INTTYPES_H 1
| #define HAVE_STDINT_H 1
| #define HAVE_UNISTD_H 1
| #define HAVE_DLFCN_H 1
| #define LT_OBJDIR ".libs/"
| #define HAVE_SYS_INOTIFY_H 1
| #define HAVE_SYS_EPOLL_H 1
| #define HAVE_POLL_H 1
| #define HAVE_SYS_SELECT_H 1
| #define HAVE_SYS_EVENTFD_H 1
| /* end confdefs.h.  */
| #include <sys/signalfd.h>
configure:11473: result: no
configure:11473: checking for sys/signalfd.h
configure:11473: result: no
configure:11487: checking for inotify_init
configure:11487: arm-linux-androideabi-gcc -o conftest -g -O3 -I/home/lianhs/android/android-ndk-r10e/usr/local/include -L/home/lianhs/android/android-ndk-r10e/usr/local/lib conftest.c  >&5
configure:11487: $? = 0
configure:11487: result: yes
configure:11487: checking for epoll_ctl
configure:11487: arm-linux-androideabi-gcc -o conftest -g -O3 -I/home/lianhs/android/android-ndk-r10e/usr/local/include -L/home/lianhs/android/android-ndk-r10e/usr/local/lib conftest.c  >&5
configure:11487: $? = 0
configure:11487: result: yes
configure:11487: checking for kqueue
configure:11487: arm-linux-androideabi-gcc -o conftest -g -O3 -I/home/lianhs/android/android-ndk-r10e/usr/local/include -L/home/lianhs/android/android-ndk-r10e/usr/local/lib conftest.c  >&5
conftest.c:64: error: undefined reference to 'kqueue'
collect2: error: ld returned 1 exit status
configure:11487: $? = 1
configure: failed program was:
| /* confdefs.h */
| #define PACKAGE_NAME ""
| #define PACKAGE_TARNAME ""
| #define PACKAGE_VERSION ""
| #define PACKAGE_STRING ""
| #define PACKAGE_BUGREPORT ""
| #define PACKAGE_URL ""
| #define PACKAGE "libev"
| #define VERSION "4.19"
| #define STDC_HEADERS 1
| #define HAVE_SYS_TYPES_H 1
| #define HAVE_SYS_STAT_H 1
| #define HAVE_STDLIB_H 1
| #define HAVE_STRING_H 1
| #define HAVE_MEMORY_H 1
| #define HAVE_STRINGS_H 1
| #define HAVE_INTTYPES_H 1
| #define HAVE_STDINT_H 1
| #define HAVE_UNISTD_H 1
| #define HAVE_DLFCN_H 1
| #define LT_OBJDIR ".libs/"
| #define HAVE_SYS_INOTIFY_H 1
| #define HAVE_SYS_EPOLL_H 1
| #define HAVE_POLL_H 1
| #define HAVE_SYS_SELECT_H 1
| #define HAVE_SYS_EVENTFD_H 1
| #define HAVE_INOTIFY_INIT 1
| #define HAVE_EPOLL_CTL 1
| /* end confdefs.h.  */
| /* Define kqueue to an innocuous variant, in case <limits.h> declares kqueue.
|    For example, HP-UX 11i <limits.h> declares gettimeofday.  */
| #define kqueue innocuous_kqueue
| 
| /* System header to define __stub macros and hopefully few prototypes,
|     which can conflict with char kqueue (); below.
|     Prefer <limits.h> to <assert.h> if __STDC__ is defined, since
|     <limits.h> exists even on freestanding compilers.  */
| 
| #ifdef __STDC__
| # include <limits.h>
| #else
| # include <assert.h>
| #endif
| 
| #undef kqueue
| 
| /* Override any GCC internal prototype to avoid an error.
|    Use char because int might match the return type of a GCC
|    builtin and then its argument prototype would still apply.  */
| #ifdef __cplusplus
| extern "C"
| #endif
| char kqueue ();
| /* The GNU C library defines this for functions which it implements
|     to always fail with ENOSYS.  Some functions are actually named
|     something starting with __ and the normal name is an alias.  */
| #if defined __stub_kqueue || defined __stub___kqueue
| choke me
| #endif
| 
| int
| main ()
| {
| return kqueue ();
|   ;
|   return 0;
| }
configure:11487: result: no
configure:11487: checking for port_create
configure:11487: arm-linux-androideabi-gcc -o conftest -g -O3 -I/home/lianhs/android/android-ndk-r10e/usr/local/include -L/home/lianhs/android/android-ndk-r10e/usr/local/lib conftest.c  >&5
conftest.c:64: error: undefined reference to 'port_create'
collect2: error: ld returned 1 exit status
configure:11487: $? = 1
configure: failed program was:
| /* confdefs.h */
| #define PACKAGE_NAME ""
| #define PACKAGE_TARNAME ""
| #define PACKAGE_VERSION ""
| #define PACKAGE_STRING ""
| #define PACKAGE_BUGREPORT ""
| #define PACKAGE_URL ""
| #define PACKAGE "libev"
| #define VERSION "4.19"
| #define STDC_HEADERS 1
| #define HAVE_SYS_TYPES_H 1
| #define HAVE_SYS_STAT_H 1
| #define HAVE_STDLIB_H 1
| #define HAVE_STRING_H 1
| #define HAVE_MEMORY_H 1
| #define HAVE_STRINGS_H 1
| #define HAVE_INTTYPES_H 1
| #define HAVE_STDINT_H 1
| #define HAVE_UNISTD_H 1
| #define HAVE_DLFCN_H 1
| #define LT_OBJDIR ".libs/"
| #define HAVE_SYS_INOTIFY_H 1
| #define HAVE_SYS_EPOLL_H 1
| #define HAVE_POLL_H 1
| #define HAVE_SYS_SELECT_H 1
| #define HAVE_SYS_EVENTFD_H 1
| #define HAVE_INOTIFY_INIT 1
| #define HAVE_EPOLL_CTL 1
| /* end confdefs.h.  */
| /* Define port_create to an innocuous variant, in case <limits.h> declares port_create.
|    For example, HP-UX 11i <limits.h> declares gettimeofday.  */
| #define port_create innocuous_port_create
| 
| /* System header to define __stub macros and hopefully few prototypes,
|     which can conflict with char port_create (); below.
|     Prefer <limits.h> to <assert.h> if __STDC__ is defined, since
|     <limits.h> exists even on freestanding compilers.  */
| 
| #ifdef __STDC__
| # include <limits.h>
| #else
| # include <assert.h>
| #endif
| 
| #undef port_create
| 
| /* Override any GCC internal prototype to avoid an error.
|    Use char because int might match the return type of a GCC
|    builtin and then its argument prototype would still apply.  */
| #ifdef __cplusplus
| extern "C"
| #endif
| char port_create ();
| /* The GNU C library defines this for functions which it implements
|     to always fail with ENOSYS.  Some functions are actually named
|     something starting with __ and the normal name is an alias.  */
| #if defined __stub_port_create || defined __stub___port_create
| choke me
| #endif
| 
| int
| main ()
| {
| return port_create ();
|   ;
|   return 0;
| }
configure:11487: result: no
configure:11487: checking for poll
configure:11487: arm-linux-androideabi-gcc -o conftest -g -O3 -I/home/lianhs/android/android-ndk-r10e/usr/local/include -L/home/lianhs/android/android-ndk-r10e/usr/local/lib conftest.c  >&5
configure:11487: $? = 0
configure:11487: result: yes
configure:11487: checking for select
configure:11487: arm-linux-androideabi-gcc -o conftest -g -O3 -I/home/lianhs/android/android-ndk-r10e/usr/local/include -L/home/lianhs/android/android-ndk-r10e/usr/local/lib conftest.c  >&5
configure:11487: $? = 0
configure:11487: result: yes
configure:11487: checking for eventfd
configure:11487: arm-linux-androideabi-gcc -o conftest -g -O3 -I/home/lianhs/android/android-ndk-r10e/usr/local/include -L/home/lianhs/android/android-ndk-r10e/usr/local/lib conftest.c  >&5
configure:11487: $? = 0
configure:11487: result: yes
configure:11487: checking for signalfd
configure:11487: arm-linux-androideabi-gcc -o conftest -g -O3 -I/home/lianhs/android/android-ndk-r10e/usr/local/include -L/home/lianhs/android/android-ndk-r10e/usr/local/lib conftest.c  >&5
conftest.c:67: error: undefined reference to 'signalfd'
collect2: error: ld returned 1 exit status
configure:11487: $? = 1
configure: failed program was:
| /* confdefs.h */
| #define PACKAGE_NAME ""
| #define PACKAGE_TARNAME ""
| #define PACKAGE_VERSION ""
| #define PACKAGE_STRING ""
| #define PACKAGE_BUGREPORT ""
| #define PACKAGE_URL ""
| #define PACKAGE "libev"
| #define VERSION "4.19"
| #define STDC_HEADERS 1
| #define HAVE_SYS_TYPES_H 1
| #define HAVE_SYS_STAT_H 1
| #define HAVE_STDLIB_H 1
| #define HAVE_STRING_H 1
| #define HAVE_MEMORY_H 1
| #define HAVE_STRINGS_H 1
| #define HAVE_INTTYPES_H 1
| #define HAVE_STDINT_H 1
| #define HAVE_UNISTD_H 1
| #define HAVE_DLFCN_H 1
| #define LT_OBJDIR ".libs/"
| #define HAVE_SYS_INOTIFY_H 1
| #define HAVE_SYS_EPOLL_H 1
| #define HAVE_POLL_H 1
| #define HAVE_SYS_SELECT_H 1
| #define HAVE_SYS_EVENTFD_H 1
| #define HAVE_INOTIFY_INIT 1
| #define HAVE_EPOLL_CTL 1
| #define HAVE_POLL 1
| #define HAVE_SELECT 1
| #define HAVE_EVENTFD 1
| /* end confdefs.h.  */
| /* Define signalfd to an innocuous variant, in case <limits.h> declares signalfd.
|    For example, HP-UX 11i <limits.h> declares gettimeofday.  */
| #define signalfd innocuous_signalfd
| 
| /* System header to define __stub macros and hopefully few prototypes,
|     which can conflict with char signalfd (); below.
|     Prefer <limits.h> to <assert.h> if __STDC__ is defined, since
|     <limits.h> exists even on freestanding compilers.  */
| 
| #ifdef __STDC__
| # include <limits.h>
| #else
| # include <assert.h>
| #endif
| 
| #undef signalfd
| 
| /* Override any GCC internal prototype to avoid an error.
|    Use char because int might match the return type of a GCC
|    builtin and then its argument prototype would still apply.  */
| #ifdef __cplusplus
| extern "C"
| #endif
| char signalfd ();
| /* The GNU C library defines this for functions which it implements
|     to always fail with ENOSYS.  Some functions are actually named
|     something starting with __ and the normal name is an alias.  */
| #if defined __stub_signalfd || defined __stub___signalfd
| choke me
| #endif
| 
| int
| main ()
| {
| return signalfd ();
|   ;
|   return 0;
| }
configure:11487: result: no
configure:11499: checking for clock_gettime
configure:11499: arm-linux-androideabi-gcc -o conftest -g -O3 -I/home/lianhs/android/android-ndk-r10e/usr/local/include -L/home/lianhs/android/android-ndk-r10e/usr/local/lib conftest.c  >&5
configure:11499: $? = 0
configure:11499: result: yes
configure:11603: checking for nanosleep
configure:11603: arm-linux-androideabi-gcc -o conftest -g -O3 -I/home/lianhs/android/android-ndk-r10e/usr/local/include -L/home/lianhs/android/android-ndk-r10e/usr/local/lib conftest.c  >&5
configure:11603: $? = 0
configure:11603: result: yes
configure:11678: checking for library containing floor
configure:11709: arm-linux-androideabi-gcc -o conftest -g -O3 -I/home/lianhs/android/android-ndk-r10e/usr/local/include -L/home/lianhs/android/android-ndk-r10e/usr/local/lib conftest.c  >&5
conftest.c:42:6: warning: conflicting types for built-in function 'floor'
 char floor ();
      ^
conftest.c:46: error: undefined reference to 'floor'
collect2: error: ld returned 1 exit status
configure:11709: $? = 1
configure: failed program was:
| /* confdefs.h */
| #define PACKAGE_NAME ""
| #define PACKAGE_TARNAME ""
| #define PACKAGE_VERSION ""
| #define PACKAGE_STRING ""
| #define PACKAGE_BUGREPORT ""
| #define PACKAGE_URL ""
| #define PACKAGE "libev"
| #define VERSION "4.19"
| #define STDC_HEADERS 1
| #define HAVE_SYS_TYPES_H 1
| #define HAVE_SYS_STAT_H 1
| #define HAVE_STDLIB_H 1
| #define HAVE_STRING_H 1
| #define HAVE_MEMORY_H 1
| #define HAVE_STRINGS_H 1
| #define HAVE_INTTYPES_H 1
| #define HAVE_STDINT_H 1
| #define HAVE_UNISTD_H 1
| #define HAVE_DLFCN_H 1
| #define LT_OBJDIR ".libs/"
| #define HAVE_SYS_INOTIFY_H 1
| #define HAVE_SYS_EPOLL_H 1
| #define HAVE_POLL_H 1
| #define HAVE_SYS_SELECT_H 1
| #define HAVE_SYS_EVENTFD_H 1
| #define HAVE_INOTIFY_INIT 1
| #define HAVE_EPOLL_CTL 1
| #define HAVE_POLL 1
| #define HAVE_SELECT 1
| #define HAVE_EVENTFD 1
| #define HAVE_CLOCK_GETTIME 1
| #define HAVE_NANOSLEEP 1
| /* end confdefs.h.  */
| 
| /* Override any GCC internal prototype to avoid an error.
|    Use char because int might match the return type of a GCC
|    builtin and then its argument prototype would still apply.  */
| #ifdef __cplusplus
| extern "C"
| #endif
| char floor ();
| int
| main ()
| {
| return floor ();
|   ;
|   return 0;
| }
configure:11709: arm-linux-androideabi-gcc -o conftest -g -O3 -I/home/lianhs/android/android-ndk-r10e/usr/local/include -L/home/lianhs/android/android-ndk-r10e/usr/local/lib conftest.c -lm   >&5
conftest.c:42:6: warning: conflicting types for built-in function 'floor'
 char floor ();
      ^
configure:11709: $? = 0
configure:11726: result: -lm
configure:11850: checking that generated files are newer than configure
configure:11856: result: done
configure:11883: creating ./config.status

## ---------------------- ##
## Running config.status. ##
## ---------------------- ##

This file was extended by config.status, which was
generated by GNU Autoconf 2.69.  Invocation command line was

  CONFIG_FILES    = 
  CONFIG_HEADERS  = 
  CONFIG_LINKS    = 
  CONFIG_COMMANDS = 
  $ ./config.status 

on lianhs-virtual-machine

config.status:1096: creating Makefile
config.status:1096: creating libev_config.h
config.status:1325: executing depfiles commands
config.status:1325: executing libtool commands

## ---------------- ##
## Cache variables. ##
## ---------------- ##

ac_cv_build=x86_64-pc-linux-gnu
ac_cv_c_compiler_gnu=yes
ac_cv_env_CC_set=
ac_cv_env_CC_value=
ac_cv_env_CFLAGS_set=
ac_cv_env_CFLAGS_value=
ac_cv_env_CPPFLAGS_set=set
ac_cv_env_CPPFLAGS_value=-I/home/lianhs/android/android-ndk-r10e/usr/local/include
ac_cv_env_CPP_set=
ac_cv_env_CPP_value=
ac_cv_env_LDFLAGS_set=set
ac_cv_env_LDFLAGS_value=-L/home/lianhs/android/android-ndk-r10e/usr/local/lib
ac_cv_env_LIBS_set=
ac_cv_env_LIBS_value=
ac_cv_env_build_alias_set=set
ac_cv_env_build_alias_value=x86_64-linux-gnu
ac_cv_env_host_alias_set=set
ac_cv_env_host_alias_value=arm-linux-androideabi
ac_cv_env_target_alias_set=
ac_cv_env_target_alias_value=
ac_cv_func_clock_gettime=yes
ac_cv_func_epoll_ctl=yes
ac_cv_func_eventfd=yes
ac_cv_func_inotify_init=yes
ac_cv_func_kqueue=no
ac_cv_func_nanosleep=yes
ac_cv_func_poll=yes
ac_cv_func_port_create=no
ac_cv_func_select=yes
ac_cv_func_signalfd=no
ac_cv_header_dlfcn_h=yes
ac_cv_header_inttypes_h=yes
ac_cv_header_memory_h=yes
ac_cv_header_poll_h=yes
ac_cv_header_port_h=no
ac_cv_header_stdc=yes
ac_cv_header_stdint_h=yes
ac_cv_header_stdlib_h=yes
ac_cv_header_string_h=yes
ac_cv_header_strings_h=yes
ac_cv_header_sys_epoll_h=yes
ac_cv_header_sys_event_h=no
ac_cv_header_sys_eventfd_h=yes
ac_cv_header_sys_inotify_h=yes
ac_cv_header_sys_select_h=yes
ac_cv_header_sys_signalfd_h=no
ac_cv_header_sys_stat_h=yes
ac_cv_header_sys_types_h=yes
ac_cv_header_unistd_h=yes
ac_cv_host=arm-unknown-linux-androideabi
ac_cv_objext=o
ac_cv_path_EGREP='/bin/grep -E'
ac_cv_path_FGREP='/bin/grep -F'
ac_cv_path_GREP=/bin/grep
ac_cv_path_SED=/bin/sed
ac_cv_path_install='/usr/bin/install -c'
ac_cv_path_mkdir=/bin/mkdir
ac_cv_prog_AR=arm-linux-androideabi-ar
ac_cv_prog_AWK=mawk
ac_cv_prog_CC=arm-linux-androideabi-gcc
ac_cv_prog_CPP='arm-linux-androideabi-gcc -E'
ac_cv_prog_OBJDUMP=arm-linux-androideabi-objdump
ac_cv_prog_RANLIB=arm-linux-androideabi-ranlib
ac_cv_prog_STRIP=arm-linux-androideabi-strip
ac_cv_prog_ac_ct_MANIFEST_TOOL=mt
ac_cv_prog_cc_c89=
ac_cv_prog_cc_g=yes
ac_cv_prog_make_make_set=yes
ac_cv_search_floor=-lm
am_cv_CC_dependencies_compiler_type=gcc3
am_cv_make_support_nested_variables=yes
am_cv_prog_cc_c_o=yes
lt_cv_ar_at_file=@
lt_cv_deplibs_check_method=pass_all
lt_cv_file_magic_cmd='$MAGIC_CMD'
lt_cv_file_magic_test_file=
lt_cv_ld_reload_flag=-r
lt_cv_nm_interface='BSD nm'
lt_cv_objdir=.libs
lt_cv_path_LD=/home/lianhs/android/android-ndk-r10e/toolchain/arm-linux-androideabi/bin/ld
lt_cv_path_NM='/home/lianhs/android/android-ndk-r10e/toolchain/bin/arm-linux-androideabi-nm -B'
lt_cv_path_mainfest_tool=no
lt_cv_prog_compiler_c_o=yes
lt_cv_prog_compiler_pic='-fPIC -DPIC'
lt_cv_prog_compiler_pic_works=yes
lt_cv_prog_compiler_rtti_exceptions=no
lt_cv_prog_compiler_static_works=yes
lt_cv_prog_gnu_ld=yes
lt_cv_sharedlib_from_linklib_cmd='printf %s\n'
lt_cv_shlibpath_overrides_runpath=yes
lt_cv_sys_global_symbol_pipe='sed -n -e '\''s/^.*[	 ]\([ABCDGIRSTW][ABCDGIRSTW]*\)[	 ][	 ]*\([_A-Za-z][_A-Za-z0-9]*\)$/\1 \2 \2/p'\'' | sed '\''/ __gnu_lto/d'\'''
lt_cv_sys_global_symbol_to_c_name_address='sed -n -e '\''s/^: \([^ ]*\)[ ]*$/  {\"\1\", (void *) 0},/p'\'' -e '\''s/^[ABCDGIRSTW]* \([^ ]*\) \([^ ]*\)$/  {"\2", (void *) \&\2},/p'\'''
lt_cv_sys_global_symbol_to_c_name_address_lib_prefix='sed -n -e '\''s/^: \([^ ]*\)[ ]*$/  {\"\1\", (void *) 0},/p'\'' -e '\''s/^[ABCDGIRSTW]* \([^ ]*\) \(lib[^ ]*\)$/  {"\2", (void *) \&\2},/p'\'' -e '\''s/^[ABCDGIRSTW]* \([^ ]*\) \([^ ]*\)$/  {"lib\2", (void *) \&\2},/p'\'''
lt_cv_sys_global_symbol_to_cdecl='sed -n -e '\''s/^T .* \(.*\)$/extern int \1();/p'\'' -e '\''s/^[ABCDGIRSTW]* .* \(.*\)$/extern char \1;/p'\'''
lt_cv_sys_max_cmd_len=1572864
lt_cv_to_host_file_cmd=func_convert_file_noop
lt_cv_to_tool_file_cmd=func_convert_file_noop

## ----------------- ##
## Output variables. ##
## ----------------- ##

ACLOCAL='${SHELL} /home/lianhs/workspace/nghttpx/libev-4.19/missing aclocal-1.14'
AMDEPBACKSLASH='\'
AMDEP_FALSE='#'
AMDEP_TRUE=''
AMTAR='$${TAR-tar}'
AM_BACKSLASH='\'
AM_DEFAULT_V='$(AM_DEFAULT_VERBOSITY)'
AM_DEFAULT_VERBOSITY='1'
AM_V='$(V)'
AR='arm-linux-androideabi-ar'
AUTOCONF='${SHELL} /home/lianhs/workspace/nghttpx/libev-4.19/missing autoconf'
AUTOHEADER='${SHELL} /home/lianhs/workspace/nghttpx/libev-4.19/missing autoheader'
AUTOMAKE='${SHELL} /home/lianhs/workspace/nghttpx/libev-4.19/missing automake-1.14'
AWK='mawk'
CC='arm-linux-androideabi-gcc'
CCDEPMODE='depmode=gcc3'
CFLAGS='-g -O3'
CPP='arm-linux-androideabi-gcc -E'
CPPFLAGS='-I/home/lianhs/android/android-ndk-r10e/usr/local/include'
CYGPATH_W='echo'
DEFS='-DHAVE_CONFIG_H'
DEPDIR='.deps'
DLLTOOL='false'
DSYMUTIL=''
DUMPBIN=''
ECHO_C=''
ECHO_N='-n'
ECHO_T=''
EGREP='/bin/grep -E'
EXEEXT=''
FGREP='/bin/grep -F'
GREP='/bin/grep'
INSTALL_DATA='${INSTALL} -m 644'
INSTALL_PROGRAM='${INSTALL}'
INSTALL_SCRIPT='${INSTALL}'
INSTALL_STRIP_PROGRAM='$(install_sh) -c -s'
LD='/home/lianhs/android/android-ndk-r10e/toolchain/arm-linux-androideabi/bin/ld'
LDFLAGS='-L/home/lianhs/android/android-ndk-r10e/usr/local/lib'
LIBOBJS=''
LIBS='-lm '
LIBTOOL='$(SHELL) $(top_builddir)/libtool'
LIPO=''
LN_S='ln -s'
LTLIBOBJS=''
MAINT='#'
MAINTAINER_MODE_FALSE=''
MAINTAINER_MODE_TRUE='#'
MAKEINFO='${SHELL} /home/lianhs/workspace/nghttpx/libev-4.19/missing makeinfo'
MANIFEST_TOOL=':'
MKDIR_P='/bin/mkdir -p'
NM='/home/lianhs/android/android-ndk-r10e/toolchain/bin/arm-linux-androideabi-nm -B'
NMEDIT=''
OBJDUMP='arm-linux-androideabi-objdump'
OBJEXT='o'
OTOOL64=''
OTOOL=''
PACKAGE='libev'
PACKAGE_BUGREPORT=''
PACKAGE_NAME=''
PACKAGE_STRING=''
PACKAGE_TARNAME=''
PACKAGE_URL=''
PACKAGE_VERSION=''
PATH_SEPARATOR=':'
RANLIB='arm-linux-androideabi-ranlib'
SED='/bin/sed'
SET_MAKE=''
SHELL='/bin/bash'
STRIP='arm-linux-androideabi-strip'
VERSION='4.19'
ac_ct_AR=''
ac_ct_CC=''
ac_ct_DUMPBIN=''
am__EXEEXT_FALSE=''
am__EXEEXT_TRUE='#'
am__fastdepCC_FALSE='#'
am__fastdepCC_TRUE=''
am__include='include'
am__isrc=''
am__leading_dot='.'
am__nodep='_no'
am__quote=''
am__tar='$${TAR-tar} chof - "$$tardir"'
am__untar='$${TAR-tar} xf -'
bindir='${exec_prefix}/bin'
build='x86_64-pc-linux-gnu'
build_alias='x86_64-linux-gnu'
build_cpu='x86_64'
build_os='linux-gnu'
build_vendor='pc'
datadir='${datarootdir}'
datarootdir='${prefix}/share'
docdir='${datarootdir}/doc/${PACKAGE}'
dvidir='${docdir}'
exec_prefix='${prefix}'
host='arm-unknown-linux-androideabi'
host_alias='arm-linux-androideabi'
host_cpu='arm'
host_os='linux-androideabi'
host_vendor='unknown'
htmldir='${docdir}'
includedir='${prefix}/include'
infodir='${datarootdir}/info'
install_sh='${SHELL} /home/lianhs/workspace/nghttpx/libev-4.19/install-sh'
libdir='${exec_prefix}/lib'
libexecdir='${exec_prefix}/libexec'
localedir='${datarootdir}/locale'
localstatedir='${prefix}/var'
mandir='${datarootdir}/man'
mkdir_p='$(MKDIR_P)'
oldincludedir='/usr/include'
pdfdir='${docdir}'
prefix='/home/lianhs/android/android-ndk-r10e/usr/local'
program_transform_name='s,x,x,'
psdir='${docdir}'
sbindir='${exec_prefix}/sbin'
sharedstatedir='${prefix}/com'
sysconfdir='${prefix}/etc'
target_alias=''

## ----------- ##
## confdefs.h. ##
## ----------- ##

/* confdefs.h */
#define PACKAGE_NAME ""
#define PACKAGE_TARNAME ""
#define PACKAGE_VERSION ""
#define PACKAGE_STRING ""
#define PACKAGE_BUGREPORT ""
#define PACKAGE_URL ""
#define PACKAGE "libev"
#define VERSION "4.19"
#define STDC_HEADERS 1
#define HAVE_SYS_TYPES_H 1
#define HAVE_SYS_STAT_H 1
#define HAVE_STDLIB_H 1
#define HAVE_STRING_H 1
#define HAVE_MEMORY_H 1
#define HAVE_STRINGS_H 1
#define HAVE_INTTYPES_H 1
#define HAVE_STDINT_H 1
#define HAVE_UNISTD_H 1
#define HAVE_DLFCN_H 1
#define LT_OBJDIR ".libs/"
#define HAVE_SYS_INOTIFY_H 1
#define HAVE_SYS_EPOLL_H 1
#define HAVE_POLL_H 1
#define HAVE_SYS_SELECT_H 1
#define HAVE_SYS_EVENTFD_H 1
#define HAVE_INOTIFY_INIT 1
#define HAVE_EPOLL_CTL 1
#define HAVE_POLL 1
#define HAVE_SELECT 1
#define HAVE_EVENTFD 1
#define HAVE_CLOCK_GETTIME 1
#define HAVE_NANOSLEEP 1
#define HAVE_FLOOR 1

configure: exit 0
